<?xml version="1.0" encoding="UTF-8"?>
<testsuite xmlns:xsi="http://www.w3.org/2001/XMLSchema-instance" xsi:noNamespaceSchemaLocation="https://maven.apache.org/surefire/maven-surefire-plugin/xsd/surefire-test-report.xsd" name="runner.TestRunner" time="138.412" tests="14" errors="0" skipped="0" failures="1">
  <properties>
[...]
</properties>
  <testcase name="Login with valid credentials #1" classname="Login functionality" time="10.746"/>
  <testcase name="Login with valid credentials #2" classname="Login functionality" time="10.207"/>
  <testcase name="Login with valid credentials #3" classname="Login functionality" time="9.778"/>
  <testcase name="Login with invalid credentials" classname="Login functionality" time="9.737"/>
  <testcase name="Login with valid email and invalid password" classname="Login functionality" time="9.634">
    <failure type="junit.framework.AssertionFailedError">junit.framework.AssertionFailedError
</failure>
    <system-out><![CDATA[
Scenario: Login with valid email and invalid password                                &amp#27;[90m# src/test/resources/features/Login.feature:30&amp#27;[0m
  &amp#27;[32mGiven &amp#27;[0m&amp#27;[32mUser has navigates to login page&amp#27;[0m                                             &amp#27;[90m# stepdefinition.Login.user_has_navigates_to_login_page()&amp#27;[0m
  &amp#27;[32mWhen &amp#27;[0m&amp#27;[32mUser enters valid email address &amp#27;[0m&amp#27;[32m&amp#27;[1m"amotooricap9@gmail.com"&amp#27;[0m&amp#27;[32m into the email field&amp#27;[0m &amp#27;[90m# stepdefinition.Login.user_enters_valid_email_address_into_email_field(java.lang.String)&amp#27;[0m
  &amp#27;[32mAnd &amp#27;[0m&amp#27;[32mUser enters invalid password &amp#27;[0m&amp#27;[32m&amp#27;[1m"1234567890"&amp#27;[0m&amp#27;[32m into password field&amp#27;[0m                  &amp#27;[90m# stepdefinition.Login.user_enters_invalid_password_into_password_field(java.lang.String)&amp#27;[0m
  &amp#27;[32mAnd &amp#27;[0m&amp#27;[32mUser clicks on Login button&amp#27;[0m                                                    &amp#27;[90m# stepdefinition.Login.user_clicks_on_login_button()&amp#27;[0m
  &amp#27;[31mThen &amp#27;[0m&amp#27;[31mUser should get a proper warning message about credentials mismatch&amp#27;[0m           &amp#27;[90m# stepdefinition.Login.user_should_get_a_proper_warning_message_about_credentials_mismatch()&amp#27;[0m
      &amp#27;[31mjunit.framework.AssertionFailedError
	at junit.framework.Assert.fail(Assert.java:55)
	at junit.framework.Assert.assertTrue(Assert.java:22)
	at junit.framework.Assert.assertTrue(Assert.java:31)
	at stepdefinition.Login.user_should_get_a_proper_warning_message_about_credentials_mismatch(Login.java:85)
	at âœ½.User should get a proper warning message about credentials mismatch(file:///D:/SDET/Java-Selenium-TestNG/Code_Practice/Cucumber_Hybrid_Framework/TutorialsNinjaCucumberProj/src/test/resources/features/Login.feature:35)
&amp#27;[0m

    Embedding Login_with_valid_email_and_invalid_password [imp/png 200968 bytes]

]]></system-out>
    <system-err><![CDATA[Aug 18, 2024 12:24:40 PM org.openqa.selenium.devtools.CdpVersionFinder findNearestMatch
WARNING: Unable to find an exact match for CDP version 127, returning the closest version; found: 126; Please update to a Selenium version that supports CDP version 127
]]></system-err>
  </testcase>
  <testcase name="Login with invalid email and valid password" classname="Login functionality" time="9.663"/>
  <testcase name="Login without providing any credentails" classname="Login functionality" time="9.502"/>
  <testcase name="User creates an account only with mandatory fields" classname="Registration functionality" time="10.582"/>
  <testcase name="User creates an account with all fields" classname="Registration functionality" time="10.637"/>
  <testcase name="User creates a duplicate account" classname="Registration functionality" time="10.542"/>
  <testcase name="User creates an account without filling any details" classname="Registration functionality" time="10.133"/>
  <testcase name="User searches for a valid product" classname="Search functionality" time="9.196"/>
  <testcase name="User searches for an invalid product" classname="Search functionality" time="8.935"/>
  <testcase name="User searches without any product" classname="Search functionality" time="8.652"/>
</testsuite>